<?xml version="1.0" encoding="UTF-8"?>
<!-- Generated by org.testng.reporters.JUnitXMLReporter -->
<testsuite ignored="0" hostname="LAPTOP-34OBG346" failures="0" tests="5" name="Test" time="19.007" errors="0" timestamp="2024-06-18T20:41:29 IST">
  <testcase classname="com.HRM.TestCases.LoginPageTestcase" name="validateLogin" time="2.322"/>
  <testcase classname="com.HRM.TestCases.LoginPageTestcase" name="AdminTest" time="1.638"/>
  <testcase classname="com.HRM.TestCases.LoginPageTestcase" name="AdminTest1" time="1.304"/>
  <testcase classname="com.HRM.TestCases.LoginPageTestcase" name="AdminTest2" time="1.433"/>
  <testcase classname="com.HRM.TestCases.LoginPageTestcase" name="AdminTest3" time="0.885"/>
</testsuite> <!-- Test -->
